<?xml version="1.0" encoding="UTF-8"?>
<robot generator="Robot 6.1.1 (Python 3.11.5 on win32)" generated="20231024 16:36:59.256" rpa="false" schemaversion="4">
<suite id="s1" name="Api Testing Users" source="C:\Users\vaaxa\RobotFramework\ApiTesting\tests\api_testing_users.robot">
<test id="s1-t1" name="Scenario 01: Successfully register new user" line="9">
<kw name="Create new user" library="api_testing_users">
<kw name="Generate Random String" library="String">
<var>${random_email}</var>
<arg>length=4</arg>
<arg>chars=[LETTERS]</arg>
<doc>Generates a string with a desired ``length`` from the given ``chars``.</doc>
<msg timestamp="20231024 16:36:59.388" level="INFO">${random_email} = kclp</msg>
<status status="PASS" starttime="20231024 16:36:59.387" endtime="20231024 16:36:59.388"/>
</kw>
<kw name="Convert To Lower Case" library="String">
<var>${random_email}</var>
<arg>${random_email}</arg>
<doc>Converts string to lower case.</doc>
<msg timestamp="20231024 16:36:59.388" level="INFO">${random_email} = kclp</msg>
<status status="PASS" starttime="20231024 16:36:59.388" endtime="20231024 16:36:59.388"/>
</kw>
<kw name="Set Test Variable" library="BuiltIn">
<arg>${EMAIL_TEST}</arg>
<arg>valeria.xavier+${random_email}@teapayment.co.uk</arg>
<doc>Makes a variable available everywhere within the scope of the current test.</doc>
<msg timestamp="20231024 16:36:59.389" level="INFO">${EMAIL_TEST} = valeria.xavier+kclp@teapayment.co.uk</msg>
<status status="PASS" starttime="20231024 16:36:59.388" endtime="20231024 16:36:59.389"/>
</kw>
<kw name="Log" library="BuiltIn">
<arg>${EMAIL_TEST}</arg>
<doc>Logs the given message with the given level.</doc>
<msg timestamp="20231024 16:36:59.389" level="INFO">valeria.xavier+kclp@teapayment.co.uk</msg>
<status status="PASS" starttime="20231024 16:36:59.389" endtime="20231024 16:36:59.389"/>
</kw>
<status status="PASS" starttime="20231024 16:36:59.386" endtime="20231024 16:36:59.389"/>
</kw>
<status status="PASS" starttime="20231024 16:36:59.386" endtime="20231024 16:36:59.390"/>
</test>
<status status="PASS" starttime="20231024 16:36:59.257" endtime="20231024 16:36:59.392"/>
</suite>
<statistics>
<total>
<stat pass="1" fail="0" skip="0">All Tests</stat>
</total>
<tag>
</tag>
<suite>
<stat pass="1" fail="0" skip="0" id="s1" name="Api Testing Users">Api Testing Users</stat>
</suite>
</statistics>
<errors>
</errors>
</robot>
